c:\users\owner\source\repos\stackedheightmaps\stackedheightmaps\x64\debug\vc143.pdb
c:\users\owner\source\repos\stackedheightmaps\stackedheightmaps\x64\debug\vc143.idb
c:\users\owner\source\repos\stackedheightmaps\stackedheightmaps\x64\debug\gameloop.obj
c:\users\owner\source\repos\stackedheightmaps\stackedheightmaps\x64\debug\stackedheightmaps.ilk
c:\users\owner\source\repos\stackedheightmaps\x64\debug\stackedheightmaps.pdb
c:\users\owner\source\repos\stackedheightmaps\stackedheightmaps\x64\debug\stackedh.e7dc30c6.tlog\cl.command.1.tlog
c:\users\owner\source\repos\stackedheightmaps\stackedheightmaps\x64\debug\stackedh.e7dc30c6.tlog\cl.items.tlog
c:\users\owner\source\repos\stackedheightmaps\stackedheightmaps\x64\debug\stackedh.e7dc30c6.tlog\cl.read.1.tlog
c:\users\owner\source\repos\stackedheightmaps\stackedheightmaps\x64\debug\stackedh.e7dc30c6.tlog\cl.write.1.tlog
c:\users\owner\source\repos\stackedheightmaps\stackedheightmaps\x64\debug\stackedh.e7dc30c6.tlog\link-cvtres.read.1.tlog
c:\users\owner\source\repos\stackedheightmaps\stackedheightmaps\x64\debug\stackedh.e7dc30c6.tlog\link-cvtres.write.1.tlog
c:\users\owner\source\repos\stackedheightmaps\stackedheightmaps\x64\debug\stackedh.e7dc30c6.tlog\link-rc.read.1.tlog
c:\users\owner\source\repos\stackedheightmaps\stackedheightmaps\x64\debug\stackedh.e7dc30c6.tlog\link-rc.write.1.tlog
c:\users\owner\source\repos\stackedheightmaps\stackedheightmaps\x64\debug\stackedh.e7dc30c6.tlog\link.64352-cvtres.read.1.tlog
c:\users\owner\source\repos\stackedheightmaps\stackedheightmaps\x64\debug\stackedh.e7dc30c6.tlog\link.64352-cvtres.write.1.tlog
c:\users\owner\source\repos\stackedheightmaps\stackedheightmaps\x64\debug\stackedh.e7dc30c6.tlog\link.64352-rc.read.1.tlog
c:\users\owner\source\repos\stackedheightmaps\stackedheightmaps\x64\debug\stackedh.e7dc30c6.tlog\link.64352-rc.write.1.tlog
c:\users\owner\source\repos\stackedheightmaps\stackedheightmaps\x64\debug\stackedh.e7dc30c6.tlog\link.64352.read.1.tlog
c:\users\owner\source\repos\stackedheightmaps\stackedheightmaps\x64\debug\stackedh.e7dc30c6.tlog\link.64352.read.2.tlog
c:\users\owner\source\repos\stackedheightmaps\stackedheightmaps\x64\debug\stackedh.e7dc30c6.tlog\link.64352.read.3.tlog
c:\users\owner\source\repos\stackedheightmaps\stackedheightmaps\x64\debug\stackedh.e7dc30c6.tlog\link.64352.read.4.tlog
c:\users\owner\source\repos\stackedheightmaps\stackedheightmaps\x64\debug\stackedh.e7dc30c6.tlog\link.64352.write.1.tlog
c:\users\owner\source\repos\stackedheightmaps\stackedheightmaps\x64\debug\stackedh.e7dc30c6.tlog\link.command.1.tlog
c:\users\owner\source\repos\stackedheightmaps\stackedheightmaps\x64\debug\stackedh.e7dc30c6.tlog\link.read.1.tlog
c:\users\owner\source\repos\stackedheightmaps\stackedheightmaps\x64\debug\stackedh.e7dc30c6.tlog\link.read.2.tlog
c:\users\owner\source\repos\stackedheightmaps\stackedheightmaps\x64\debug\stackedh.e7dc30c6.tlog\link.read.3.tlog
c:\users\owner\source\repos\stackedheightmaps\stackedheightmaps\x64\debug\stackedh.e7dc30c6.tlog\link.read.4.tlog
c:\users\owner\source\repos\stackedheightmaps\stackedheightmaps\x64\debug\stackedh.e7dc30c6.tlog\link.read.5.tlog
c:\users\owner\source\repos\stackedheightmaps\stackedheightmaps\x64\debug\stackedh.e7dc30c6.tlog\link.secondary.1.tlog
c:\users\owner\source\repos\stackedheightmaps\stackedheightmaps\x64\debug\stackedh.e7dc30c6.tlog\link.write.1.tlog
